<?xml version="1.0" encoding="UTF-8"?>
<!-- Generated by org.testng.reporters.JUnitReportReporter -->
<testsuite skipped="0" hostname="58fd2b969a43" name="com.newTours.tests.BookFlights" tests="10" failures="0" timestamp="18 Jun 2019 16:06:29 GMT" time="56.646" errors="0">
  <testcase name="findFlightPageTest" time="2.463" classname="com.newTours.tests.BookFlights"/>
  <testcase name="registrationConfirmation" time="0.985" classname="com.newTours.tests.BookFlights"/>
  <testcase name="registrationConfirmation" time="1.026" classname="com.newTours.tests.BookFlights"/>
  <testcase name="findFlightPageTest" time="2.734" classname="com.newTours.tests.BookFlights"/>
  <testcase name="flightDetailsPage" time="0.985" classname="com.newTours.tests.BookFlights"/>
  <testcase name="registrationPageTest" time="28.815" classname="com.newTours.tests.BookFlights"/>
  <testcase name="registrationPageTest" time="15.877" classname="com.newTours.tests.BookFlights"/>
  <testcase name="printFlightConfirmation" time="1.258" classname="com.newTours.tests.BookFlights"/>
  <testcase name="flightDetailsPage" time="1.060" classname="com.newTours.tests.BookFlights"/>
  <testcase name="printFlightConfirmation" time="1.443" classname="com.newTours.tests.BookFlights"/>
</testsuite> <!-- com.newTours.tests.BookFlights -->
